<?xml version="1.0" encoding="UTF-8"?>
<testng-results ignored="0" total="1" passed="1" failed="0" skipped="0">
  <reporter-output>
  </reporter-output>
  <suite started-at="2023-06-19T12:59:25 PDT" name="Default suite" finished-at="2023-06-19T12:59:56 PDT" duration-ms="30603">
    <groups>
    </groups>
    <test started-at="2023-06-19T12:59:25 PDT" name="Default test" finished-at="2023-06-19T12:59:56 PDT" duration-ms="30603">
      <class name="com.notion.testscript.TestFileUpload">
        <test-method is-config="true" signature="OpenBrowser()[pri:0, instance:com.notion.testscript.TestFileUpload@e15b7e8]" started-at="2023-06-19T12:59:25 PDT" name="OpenBrowser" finished-at="2023-06-19T12:59:46 PDT" duration-ms="21395" status="PASS">
          <reporter-output>
          </reporter-output>
        </test-method> <!-- OpenBrowser -->
        <test-method signature="testFileUpload()[pri:0, instance:com.notion.testscript.TestFileUpload@e15b7e8]" started-at="2023-06-19T12:59:46 PDT" name="testFileUpload" finished-at="2023-06-19T12:59:55 PDT" duration-ms="8296" status="PASS">
          <reporter-output>
          </reporter-output>
        </test-method> <!-- testFileUpload -->
        <test-method is-config="true" signature="CloseBrowser()[pri:0, instance:com.notion.testscript.TestFileUpload@e15b7e8]" started-at="2023-06-19T12:59:55 PDT" name="CloseBrowser" finished-at="2023-06-19T12:59:56 PDT" duration-ms="798" status="PASS">
          <reporter-output>
          </reporter-output>
        </test-method> <!-- CloseBrowser -->
      </class> <!-- com.notion.testscript.TestFileUpload -->
    </test> <!-- Default test -->
  </suite> <!-- Default suite -->
</testng-results>
